----------------------------------------------------------------------
 Node Name        Upload Speed      Download Speed      Latency     
[0;33m Fast.com         [0;32m0.00 Mbit/s       [0;31m57.8 Mbit/s         [0;36m0.000 ms    [0m
[0;33m Speedtest.net   [0;32m 20.99 Mbit/s     [0;31m 75.92 Mbit/s       [0;36m 22.089 ms  [0m
[0;33m Seattle, WA : Metapeer[0;32m 13.48 Mbit/s     [0;31m 90.77 Mbit/s       [0;36m 142.807 ms [0m
[0;33m Fast.com         [0;32m0.00 Mbit/s       [0;31m148.9 Mbit/s        [0;36m0.000 ms    [0m
[0;33m New York City, NY : ISPnet, Inc[0;32m 4.08 Mbit/s      [0;31m 3.04 Mbit/s        [0;36m 268.708 ms [0m
[0;33m Seattle, WA : Metapeer[0;32m 22.24 Mbit/s     [0;31m 79.32 Mbit/s       [0;36m 27.177 ms  [0m
[0;33m Shanghai  CT    [0;32m 5.54 Mbit/s      [0;31m 30.74 Mbit/s       [0;36m 463.57 ms  [0m
----------------------------------------------------------------------
----------------------------------------------------------------------
----------------------------------------------------------------------
----------------------------------------------------------------------
----------------------------------------------------------------------
----------------------------------------------------------------------
[0;33m New York City, NY : ISPnet, Inc[0;32m 2.92 Mbit/s      [0;31m 3.03 Mbit/s        [0;36m 228.178 ms [0m
----------------------------------------------------------------------
 Finished in  : 2 min 20 sec
 Timestamp    : 2018-07-31 06:03:44 GMT+8
----------------------------------------------------------------------
 CPU Model            : [0;36mIntel(R) Core(TM) i5-4278U CPU @ 2.60GHz[0m
 CPU Cores            : [0;33m4 Cores [0;36m@ 2597.648 MHz x86_64[0m
 CPU Cache            : [0;36m3072 KB [0m
 OS                   : [0;36mDebian GNU/Linux 9 (64 Bit) [0;33mDocker[0m
 Kernel               : [0;36m4.9.93-linuxkit-aufs[0m
 Total Space          : [0;33m176.0 GB [0;36m(112.7 GB Used)[0m
 Total RAM            : [0;33m7973 MB [0;36m(299 MB Used 1343 MB Buff)[0m
 Total SWAP           : [0;36m1023 MB (0 MB Used)[0m
 Uptime               : [0;36m0 days 1 hour 23 min[0m
 Load average         : [0;36m0.34, 0.17, 0.05[0m
 ASN & ISP            : [0;36mAS7922, Comcast Cable[0m
 Organization         : [0;33mComcast Cable[0m
 Location             : [0;36mWashington, [0;33mUnited States / US[0m
 Region               : [0;36mWashington[0m
----------------------------------------------------------------------
 I/O Speed( 1.0GB )   : [0;33m119 MB/s[0m
 I/O Speed( 1.0GB )   : [0;33m Shanghai  CT    [0;32m 19.48 Mbit/s     [0;31m 46.70 Mbit/s       [0;36m 206.455 ms [0m
----------------------------------------------------------------------
----------------------------------------------------------------------
----------------------------------------------------------------------
----------------------------------------------------------------------
----------------------------------------------------------------------
----------------------------------------------------------------------
[0;33m136 MB/s[0m
 I/O Speed( 1.0GB )   : [0;33m149 MB/s[0m
 Average I/O Speed    : [0;33m134.7 MB/s[0m
----------------------------------------------------------------------
----------------------------------------------------------------------
 Finished in  : 2 min 23 sec
 Timestamp    : 2018-07-31 06:04:24 GMT+8
----------------------------------------------------------------------
 CPU Model            : [0;36mIntel(R) Core(TM) i5-4278U CPU @ 2.60GHz[0m
 CPU Cores            : [0;33m4 Cores [0;36m@ 2597.648 MHz x86_64[0m
 CPU Cache            : [0;36m3072 KB [0m
 OS                   : [0;36mDebian GNU/Linux 9 (64 Bit) [0;33mDocker[0m
 Kernel               : [0;36m4.9.93-linuxkit-aufs[0m
 Total Space          : [0;33m176.0 GB [0;36m(112.7 GB Used)[0m
 Total RAM            : [0;33m7973 MB [0;36m(272 MB Used 1343 MB Buff)[0m
 Total SWAP           : [0;36m1023 MB (0 MB Used)[0m
 Uptime               : [0;36m0 days 1 hour 24 min[0m
 Load average         : [0;36m0.75, 0.30, 0.10[0m
 ASN & ISP            : [0;36mAS7922, Comcast Cable[0m
 Organization         : [0;33mComcast Cable[0m
 Location             : [0;36mWashington, [0;33mUnited States / US[0m
 Region               : [0;36mWashington[0m
----------------------------------------------------------------------
 I/O Speed( 1.0GB )   : [0;33m144 MB/s[0m
 I/O Speed( 1.0GB )   : [0;33m149 MB/s[0m
 I/O Speed( 1.0GB )   : [0;33m157 MB/s[0m
 Average I/O Speed    : [0;33m150.0 MB/s[0m
----------------------------------------------------------------------
